Vivado Simulator 2020.2
Copyright 1986-1999, 2001-2020 Xilinx, Inc. All Rights Reserved.
Running: C:/Xilinx/Vivado/2020.2/bin/unwrapped/win64.o/xelab.exe -wto 7f25e0c022f24f64a0e352bd199a9ee5 --incr --debug typical --relax --mt 2 -L xil_defaultlib -L sim_clk_gen_v1_0_2 -L xlconcat_v2_1_4 -L xlconstant_v1_1_7 -L unisims_ver -L unimacro_ver -L secureip -L xpm --snapshot main_wrapper_behav xil_defaultlib.main_wrapper xil_defaultlib.glbl -log elaborate.log 
Using 2 slave threads.
Starting static elaboration
Pass Through NonSizing Optimizer
Completed static elaboration
Starting simulation data flow analysis
Completed simulation data flow analysis
Time Resolution for simulation is 1ps
Compiling package std.standard
Compiling package std.textio
Compiling package ieee.std_logic_1164
Compiling package ieee.numeric_std
Compiling package unisim.vcomponents
Compiling package vl.vl_types
Compiling module xil_defaultlib.glbl
Compiling module sim_clk_gen_v1_0_2.sim_clk_gen(CLOCK_PERIOD=10,RESE...
Compiling module xil_defaultlib.main_sim_clk_gen_0_0
Compiling architecture sum_dop_behavioral of entity xil_defaultlib.sum_dop [sum_dop_default]
Compiling architecture main_sum_dop_0_0_arch of entity xil_defaultlib.main_sum_dop_0_0 [main_sum_dop_0_0_default]
Compiling module xlconcat_v2_1_4.xlconcat_v2_1_4_xlconcat(IN0_WID...
Compiling module xil_defaultlib.main_xlconcat_0_0
Compiling module xlconstant_v1_1_7.xlconstant_v1_1_7_xlconstant(CON...
Compiling module xil_defaultlib.main_xlconstant_0_0
Compiling module xlconstant_v1_1_7.xlconstant_v1_1_7_xlconstant(CON...
Compiling module xil_defaultlib.main_xlconstant_1_0
Compiling module xlconstant_v1_1_7.xlconstant_v1_1_7_xlconstant(CON...
Compiling module xil_defaultlib.main_xlconstant_2_0
Compiling module xlconstant_v1_1_7.xlconstant_v1_1_7_xlconstant(CON...
Compiling module xil_defaultlib.main_xlconstant_3_0
Compiling architecture structure of entity xil_defaultlib.main [main_default]
Compiling architecture structure of entity xil_defaultlib.main_wrapper
Built simulation snapshot main_wrapper_behav
